<?xml version="1.0" encoding="UTF-8"?>
<!-- Generated by org.testng.reporters.JUnitXMLReporter -->
<testsuite ignored="0" hostname="STGIDT-NEW-154" failures="0" tests="4" name="CreateOrderTest" time="68.795" errors="0" timestamp="2022-03-01T19:23:21 IST">
  <testcase classname="testcases.CreateOrderTest" name="login" time="10.326"/>
  <testcase classname="testcases.CreateOrderTest" name="addToCart" time="16.657"/>
  <testcase classname="testcases.CreateOrderTest" name="checkout" time="16.765"/>
  <testcase classname="testcases.CreateOrderTest" name="logout" time="5.322"/>
</testsuite> <!-- CreateOrderTest -->
