<?xml version="1.0" encoding="UTF-8"?>
<testng-results ignored="0" total="4" passed="4" failed="0" skipped="0">
  <reporter-output>
  </reporter-output>
  <suite started-at="2022-03-01T19:22:12 IST" name="Suite" finished-at="2022-03-01T19:23:21 IST" duration-ms="68795">
    <groups>
    </groups>
    <test started-at="2022-03-01T19:22:12 IST" name="CreateOrderTest" finished-at="2022-03-01T19:23:21 IST" duration-ms="68795">
      <class name="testcases.CreateOrderTest">
        <test-method is-config="true" signature="startReports()[pri:0, instance:testcases.CreateOrderTest@2794eab6]" started-at="2022-03-01T19:22:12 IST" name="startReports" finished-at="2022-03-01T19:22:12 IST" duration-ms="468" status="PASS">
          <reporter-output>
          </reporter-output>
        </test-method> <!-- startReports -->
        <test-method is-config="true" signature="getDriver(java.lang.String)[pri:0, instance:testcases.CreateOrderTest@2794eab6]" started-at="2022-03-01T19:22:12 IST" name="getDriver" finished-at="2022-03-01T19:22:31 IST" duration-ms="18137" status="PASS">
          <params>
            <param index="0">
              <value>
                <![CDATA[Firefox]]>
              </value>
            </param>
          </params>
          <reporter-output>
          </reporter-output>
        </test-method> <!-- getDriver -->
        <test-method is-config="true" signature="onStartTest(org.testng.ITestResult)[pri:0, instance:testcases.CreateOrderTest@2794eab6]" started-at="2022-03-01T19:22:31 IST" name="onStartTest" finished-at="2022-03-01T19:22:31 IST" duration-ms="8" status="PASS">
          <params>
            <param index="0">
              <value>
                <![CDATA[[TestResult name={null} status=CREATED method=CreateOrderTest.login()[pri:1, instance:testcases.CreateOrderTest@2794eab6] output={null}]]]>
              </value>
            </param>
          </params>
          <reporter-output>
          </reporter-output>
        </test-method> <!-- onStartTest -->
        <test-method signature="login()[pri:1, instance:testcases.CreateOrderTest@2794eab6]" started-at="2022-03-01T19:22:31 IST" name="login" finished-at="2022-03-01T19:22:41 IST" duration-ms="10326" status="PASS">
          <reporter-output>
          </reporter-output>
        </test-method> <!-- login -->
        <test-method is-config="true" signature="getResult(org.testng.ITestResult)[pri:0, instance:testcases.CreateOrderTest@2794eab6]" started-at="2022-03-01T19:22:41 IST" name="getResult" finished-at="2022-03-01T19:22:41 IST" duration-ms="6" status="PASS">
          <params>
            <param index="0">
              <value>
                <![CDATA[[TestResult name=login status=SUCCESS method=CreateOrderTest.login()[pri:1, instance:testcases.CreateOrderTest@2794eab6] output={null}]]]>
              </value>
            </param>
          </params>
          <reporter-output>
          </reporter-output>
        </test-method> <!-- getResult -->
        <test-method is-config="true" signature="onStartTest(org.testng.ITestResult)[pri:0, instance:testcases.CreateOrderTest@2794eab6]" started-at="2022-03-01T19:22:41 IST" name="onStartTest" finished-at="2022-03-01T19:22:41 IST" duration-ms="0" status="PASS">
          <params>
            <param index="0">
              <value>
                <![CDATA[[TestResult name={null} status=CREATED method=CreateOrderTest.addToCart()[pri:2, instance:testcases.CreateOrderTest@2794eab6] output={null}]]]>
              </value>
            </param>
          </params>
          <reporter-output>
          </reporter-output>
        </test-method> <!-- onStartTest -->
        <test-method signature="addToCart()[pri:2, instance:testcases.CreateOrderTest@2794eab6]" started-at="2022-03-01T19:22:41 IST" name="addToCart" finished-at="2022-03-01T19:22:58 IST" duration-ms="16657" status="PASS">
          <reporter-output>
          </reporter-output>
        </test-method> <!-- addToCart -->
        <test-method is-config="true" signature="getResult(org.testng.ITestResult)[pri:0, instance:testcases.CreateOrderTest@2794eab6]" started-at="2022-03-01T19:22:58 IST" name="getResult" finished-at="2022-03-01T19:22:58 IST" duration-ms="1" status="PASS">
          <params>
            <param index="0">
              <value>
                <![CDATA[[TestResult name=addToCart status=SUCCESS method=CreateOrderTest.addToCart()[pri:2, instance:testcases.CreateOrderTest@2794eab6] output={null}]]]>
              </value>
            </param>
          </params>
          <reporter-output>
          </reporter-output>
        </test-method> <!-- getResult -->
        <test-method is-config="true" signature="onStartTest(org.testng.ITestResult)[pri:0, instance:testcases.CreateOrderTest@2794eab6]" started-at="2022-03-01T19:22:58 IST" name="onStartTest" finished-at="2022-03-01T19:22:58 IST" duration-ms="0" status="PASS">
          <params>
            <param index="0">
              <value>
                <![CDATA[[TestResult name={null} status=CREATED method=CreateOrderTest.checkout()[pri:3, instance:testcases.CreateOrderTest@2794eab6] output={null}]]]>
              </value>
            </param>
          </params>
          <reporter-output>
          </reporter-output>
        </test-method> <!-- onStartTest -->
        <test-method signature="checkout()[pri:3, instance:testcases.CreateOrderTest@2794eab6]" started-at="2022-03-01T19:22:58 IST" name="checkout" finished-at="2022-03-01T19:23:14 IST" duration-ms="16765" status="PASS">
          <reporter-output>
          </reporter-output>
        </test-method> <!-- checkout -->
        <test-method is-config="true" signature="getResult(org.testng.ITestResult)[pri:0, instance:testcases.CreateOrderTest@2794eab6]" started-at="2022-03-01T19:23:14 IST" name="getResult" finished-at="2022-03-01T19:23:14 IST" duration-ms="1" status="PASS">
          <params>
            <param index="0">
              <value>
                <![CDATA[[TestResult name=checkout status=SUCCESS method=CreateOrderTest.checkout()[pri:3, instance:testcases.CreateOrderTest@2794eab6] output={null}]]]>
              </value>
            </param>
          </params>
          <reporter-output>
          </reporter-output>
        </test-method> <!-- getResult -->
        <test-method is-config="true" signature="onStartTest(org.testng.ITestResult)[pri:0, instance:testcases.CreateOrderTest@2794eab6]" started-at="2022-03-01T19:23:14 IST" name="onStartTest" finished-at="2022-03-01T19:23:14 IST" duration-ms="0" status="PASS">
          <params>
            <param index="0">
              <value>
                <![CDATA[[TestResult name={null} status=CREATED method=CreateOrderTest.logout()[pri:4, instance:testcases.CreateOrderTest@2794eab6] output={null}]]]>
              </value>
            </param>
          </params>
          <reporter-output>
          </reporter-output>
        </test-method> <!-- onStartTest -->
        <test-method signature="logout()[pri:4, instance:testcases.CreateOrderTest@2794eab6]" started-at="2022-03-01T19:23:14 IST" name="logout" finished-at="2022-03-01T19:23:20 IST" duration-ms="5322" status="PASS">
          <reporter-output>
          </reporter-output>
        </test-method> <!-- logout -->
        <test-method is-config="true" signature="getResult(org.testng.ITestResult)[pri:0, instance:testcases.CreateOrderTest@2794eab6]" started-at="2022-03-01T19:23:20 IST" name="getResult" finished-at="2022-03-01T19:23:20 IST" duration-ms="1" status="PASS">
          <params>
            <param index="0">
              <value>
                <![CDATA[[TestResult name=logout status=SUCCESS method=CreateOrderTest.logout()[pri:4, instance:testcases.CreateOrderTest@2794eab6] output={null}]]]>
              </value>
            </param>
          </params>
          <reporter-output>
          </reporter-output>
        </test-method> <!-- getResult -->
        <test-method is-config="true" signature="teardown()[pri:0, instance:testcases.CreateOrderTest@2794eab6]" started-at="2022-03-01T19:23:20 IST" name="teardown" finished-at="2022-03-01T19:23:21 IST" duration-ms="1508" status="PASS">
          <reporter-output>
          </reporter-output>
        </test-method> <!-- teardown -->
        <test-method is-config="true" signature="endReports()[pri:0, instance:testcases.CreateOrderTest@2794eab6]" started-at="2022-03-01T19:23:21 IST" name="endReports" finished-at="2022-03-01T19:23:22 IST" duration-ms="512" status="PASS">
          <reporter-output>
          </reporter-output>
        </test-method> <!-- endReports -->
      </class> <!-- testcases.CreateOrderTest -->
    </test> <!-- CreateOrderTest -->
  </suite> <!-- Suite -->
</testng-results>
